\BOOKMARK [0][-]{section*.1}{\376\377\000A\000b\000s\000t\000r\000a\000c\000t}{}% 1
\BOOKMARK [0][-]{section*.3}{\376\377\000A\000c\000k\000n\000o\000w\000l\000e\000d\000g\000e\000m\000e\000n\000t\000s}{}% 2
\BOOKMARK [0][-]{Contents.0}{\376\377\000C\000o\000n\000t\000e\000n\000t\000s}{}% 3
\BOOKMARK [0][-]{chapter.1}{\376\377\000I\000n\000t\000r\000o\000d\000u\000c\000t\000i\000o\000n}{}% 4
\BOOKMARK [1][-]{section.1.1}{\376\377\000A\000i\000m\000s\000\040\000a\000n\000d\000\040\000O\000b\000j\000e\000c\000t\000i\000v\000e\000s}{chapter.1}% 5
\BOOKMARK [1][-]{section.1.2}{\376\377\000S\000i\000g\000n\000i\000f\000i\000c\000a\000n\000c\000e}{chapter.1}% 6
\BOOKMARK [0][-]{chapter.2}{\376\377\000T\000h\000e\000o\000r\000y\000\040\000a\000n\000d\000\040\000L\000i\000t\000e\000r\000a\000t\000u\000r\000e\000\040\000R\000e\000v\000i\000e\000w}{}% 7
\BOOKMARK [1][-]{section.2.1}{\376\377\000E\000x\000p\000e\000r\000i\000m\000e\000n\000t\000a\000l\000\040\000w\000o\000r\000k}{chapter.2}% 8
\BOOKMARK [2][-]{subsection.2.1.1}{\376\377\000C\000h\000a\000r\000a\000c\000t\000e\000r\000i\000s\000a\000t\000i\000o\000n\000\040\000o\000f\000\040\000t\000h\000e\000\040\000M\000a\000t\000e\000r\000i\000a\000l}{section.2.1}% 9
\BOOKMARK [2][-]{subsection.2.1.2}{\376\377\000E\000x\000p\000e\000r\000i\000m\000e\000n\000t\000a\000l\000\040\000P\000r\000o\000c\000e\000d\000u\000r\000e\000s}{section.2.1}% 10
\BOOKMARK [1][-]{section.2.2}{\376\377\000F\000r\000a\000n\000k\000\040\000K\000a\000m\000e\000n\000t\000s\000k\000i\000i\000\040\000T\000h\000e\000o\000r\000y}{chapter.2}% 11
\BOOKMARK [2][-]{subsection.2.2.1}{\376\377\000A\000p\000p\000l\000i\000c\000a\000t\000i\000o\000n\000\040\000t\000o\000\040\000s\000t\000o\000c\000k\000p\000i\000l\000e\000\040\000I\000g\000n\000i\000t\000i\000o\000n}{section.2.2}% 12
\BOOKMARK [2][-]{subsection.2.2.2}{\376\377\000T\000h\000e\000o\000r\000y\000\040\000a\000p\000p\000l\000i\000e\000d\000\040\000t\000o\000\040\000e\000x\000p\000e\000r\000i\000m\000e\000n\000t\000a\000l\000\040\000w\000o\000r\000k}{section.2.2}% 13
\BOOKMARK [2][-]{subsection.2.2.3}{\376\377\000C\000r\000i\000t\000i\000c\000a\000l\000\040\000I\000g\000n\000i\000t\000i\000o\000n\000\040\000C\000r\000i\000t\000e\000r\000i\000a}{section.2.2}% 14
\BOOKMARK [2][-]{subsection.2.2.4}{\376\377\000P\000a\000r\000a\000l\000l\000e\000l\000\040\000R\000e\000a\000c\000t\000i\000o\000n\000s}{section.2.2}% 15
\BOOKMARK [2][-]{subsection.2.2.5}{\376\377\000M\000o\000i\000s\000t\000u\000r\000e}{section.2.2}% 16
\BOOKMARK [2][-]{subsection.2.2.6}{\376\377\000R\000a\000d\000i\000a\000t\000i\000o\000n\000\040\000e\000f\000f\000e\000c\000t\000s\000\040\000o\000n\000\040\000C\000o\000n\000d\000u\000c\000t\000i\000o\000n}{section.2.2}% 17
\BOOKMARK [1][-]{section.2.3}{\376\377\000P\000a\000r\000a\000m\000e\000t\000e\000r\000\040\000E\000s\000t\000i\000m\000a\000t\000i\000o\000n}{chapter.2}% 18
\BOOKMARK [0][-]{chapter.3}{\376\377\000M\000o\000d\000e\000l\000\040\000D\000e\000f\000i\000n\000i\000t\000i\000o\000n}{}% 19
\BOOKMARK [1][-]{section.3.1}{\376\377\000S\000t\000o\000c\000k\000p\000i\000l\000e\000\040\000M\000o\000d\000e\000l}{chapter.3}% 20
\BOOKMARK [2][-]{subsection.3.1.1}{\376\377\000B\000o\000u\000n\000d\000a\000r\000y\000\040\000C\000o\000n\000d\000i\000t\000i\000o\000n\000s}{section.3.1}% 21
\BOOKMARK [1][-]{section.3.2}{\376\377\000T\000h\000e\000r\000m\000o\000g\000r\000a\000v\000i\000m\000e\000t\000r\000i\000c\000\040\000A\000n\000a\000l\000y\000s\000i\000s\000\040\000M\000o\000d\000e\000l}{chapter.3}% 22
\BOOKMARK [0][-]{chapter.4}{\376\377\000B\000a\000y\000e\000s\000i\000a\000n\000\040\000I\000n\000f\000e\000r\000e\000n\000c\000e}{}% 23
\BOOKMARK [1][-]{section.4.1}{\376\377\000S\000i\000n\000g\000l\000e\000\040\000R\000e\000a\000c\000t\000i\000o\000n}{chapter.4}% 24
\BOOKMARK [2][-]{subsection.4.1.1}{\376\377\000A\000p\000p\000l\000i\000c\000a\000t\000i\000o\000n\000\040\000t\000o\000\040\000E\000x\000p\000e\000r\000i\000m\000e\000n\000t\000a\000l\000\040\000D\000a\000t\000a}{section.4.1}% 25
\BOOKMARK [1][-]{section.4.2}{\376\377\000T\000w\000o\000\040\000R\000e\000a\000c\000t\000i\000o\000n\000s}{chapter.4}% 26
\BOOKMARK [2][-]{subsection.4.2.1}{\376\377\000D\000S\000C}{section.4.2}% 27
\BOOKMARK [1][-]{section.4.3}{\376\377\000A\000p\000p\000l\000i\000c\000a\000t\000i\000o\000n\000\040\000t\000o\000\040\000E\000x\000p\000e\000r\000i\000m\000e\000n\000t\000a\000l\000\040\000D\000a\000t\000a}{chapter.4}% 28
\BOOKMARK [0][-]{chapter.5}{\376\377\000S\000e\000q\000u\000e\000n\000t\000i\000a\000l\000\040\000M\000o\000n\000t\000e\000\040\000C\000a\000r\000l\000o\000\040\000S\000a\000m\000p\000l\000i\000n\000g}{}% 29
\BOOKMARK [1][-]{section.5.1}{\376\377\000I\000m\000p\000o\000r\000t\000a\000n\000c\000e\000\040\000S\000a\000m\000p\000l\000i\000n\000g}{chapter.5}% 30
\BOOKMARK [0][-]{chapter.6}{\376\377\000N\000o\000n\000-\000D\000i\000m\000e\000s\000i\000o\000n\000a\000l\000\040\000A\000n\000a\000l\000y\000s\000i\000s}{}% 31
\BOOKMARK [1][-]{section.6.1}{\376\377\000P\000e\000r\000i\000o\000d\000i\000c\000\040\000B\000o\000u\000n\000d\000a\000r\000y\000\040\000C\000o\000n\000d\000i\000t\000i\000o\000n\000s}{chapter.6}% 32
\BOOKMARK [2][-]{subsection.6.1.1}{\376\377\000D\000i\000r\000i\000c\000h\000l\000e\000t\000\040\000B\000o\000u\000n\000d\000a\000r\000y\000\040\000C\000o\000n\000d\000i\000t\000i\000o\000n}{section.6.1}% 33
\BOOKMARK [2][-]{subsection.6.1.2}{\376\377\000N\000e\000w\000t\000o\000n\000i\000a\000n\000\040\000C\000o\000o\000l\000i\000n\000g\000\040\000B\000o\000u\000n\000d\000a\000r\000y\000\040\000C\000o\000n\000d\000i\000t\000i\000o\000n\000s}{section.6.1}% 34
\BOOKMARK [1][-]{section.6.2}{\376\377\000H\000o\000t\000s\000p\000o\000t\000\040\000I\000g\000n\000i\000t\000i\000o\000n}{chapter.6}% 35
\BOOKMARK [2][-]{subsection.6.2.1}{\376\377\000O\000n\000e\000-\000D\000i\000m\000e\000n\000s\000i\000o\000n\000a\000l\000\040\000S\000t\000o\000c\000k\000p\000i\000l\000e\000s}{section.6.2}% 36
\BOOKMARK [0][-]{appendix.A}{\376\377\000I\000n\000v\000e\000r\000s\000e\000\040\000P\000r\000o\000b\000l\000e\000m\000s\000\040\000a\000n\000d\000\040\000M\000a\000r\000k\000o\000v\000-\000C\000h\000a\000i\000n\000\040\000M\000o\000n\000t\000e\000-\000C\000a\000r\000l\000o}{}% 37
\BOOKMARK [1][-]{section.A.1}{\376\377\000I\000n\000v\000e\000r\000s\000e\000\040\000P\000r\000o\000b\000l\000e\000m\000s}{appendix.A}% 38
\BOOKMARK [2][-]{subsection.A.1.1}{\376\377\000P\000r\000o\000b\000a\000b\000i\000l\000i\000t\000y\000\040\000T\000h\000e\000o\000r\000y}{section.A.1}% 39
\BOOKMARK [2][-]{subsection.A.1.2}{\376\377\000A\000\040\000P\000r\000i\000o\000r\000i\000\040\000i\000n\000f\000o\000r\000m\000a\000t\000i\000o\000n}{section.A.1}% 40
\BOOKMARK [2][-]{subsection.A.1.3}{\376\377\000S\000o\000l\000v\000i\000n\000g\000\040\000t\000h\000e\000\040\000I\000n\000v\000e\000r\000s\000e\000\040\000P\000r\000o\000b\000l\000e\000m}{section.A.1}% 41
\BOOKMARK [1][-]{section.A.2}{\376\377\000M\000C\000M\000C\000\040\000A\000l\000g\000o\000r\000i\000t\000h\000m\000s}{appendix.A}% 42
\BOOKMARK [1][-]{section.A.3}{\376\377\000S\000M\000C}{appendix.A}% 43
\BOOKMARK [0][-]{appendix.B}{\376\377\000N\000u\000m\000e\000r\000i\000c\000a\000l\000\040\000T\000e\000c\000h\000n\000i\000q\000u\000e\000s}{}% 44
\BOOKMARK [1][-]{section.B.1}{\376\377\000T\000h\000e\000\040\000F\000i\000n\000i\000t\000e\000\040\000D\000i\000f\000f\000e\000r\000e\000n\000c\000e\000\040\000O\000p\000e\000r\000a\000t\000o\000r}{appendix.B}% 45
\BOOKMARK [1][-]{section.B.2}{\376\377\000C\000o\000n\000v\000e\000r\000g\000e\000n\000c\000e}{appendix.B}% 46
\BOOKMARK [1][-]{section.B.3}{\376\377\000N\000o\000n\000-\000l\000i\000n\000e\000a\000r\000\040\000C\000o\000n\000v\000e\000r\000g\000e\000n\000c\000e}{appendix.B}% 47
\BOOKMARK [0][-]{appendix.C}{\376\377\000S\000u\000p\000p\000l\000e\000m\000e\000n\000t\000a\000r\000y\000\040\000I\000n\000f\000o\000r\000m\000a\000t\000i\000o\000n\000\040\000f\000o\000r\000\040\000I\000n\000f\000e\000r\000e\000n\000c\000e}{}% 48
\BOOKMARK [1][-]{section.C.1}{\376\377\000R\000e\000a\000c\000t\000i\000o\000n\000\040\0001}{appendix.C}% 49
\BOOKMARK [2][-]{subsection.C.1.1}{\376\377\000D\000i\000s\000t\000r\000i\000b\000u\000t\000i\000o\000n\000s}{section.C.1}% 50
\BOOKMARK [2][-]{subsection.C.1.2}{\376\377\000S\000u\000m\000m\000a\000r\000y\000\040\000S\000t\000a\000t\000i\000s\000t\000i\000c\000s}{section.C.1}% 51
\BOOKMARK [2][-]{subsection.C.1.3}{\376\377\000C\000h\000a\000i\000n\000\040\000p\000l\000o\000t\000s}{section.C.1}% 52
\BOOKMARK [1][-]{section.C.2}{\376\377\000R\000e\000a\000c\000t\000i\000o\000n\000\040\0002}{appendix.C}% 53
\BOOKMARK [2][-]{subsection.C.2.1}{\376\377\000T\000r\000a\000c\000e\000\040\000P\000l\000o\000t\000s}{section.C.2}% 54
